This file contains any messages produced by compilers while
running configure, to aid debugging if configure makes a mistake.

It was created by apertium-mlt configure 0.1.0, which was
generated by GNU Autoconf 2.69.  Invocation command line was

  $ ./configure 

## --------- ##
## Platform. ##
## --------- ##

hostname = Biskuttina
uname -m = x86_64
uname -r = 14.0.0
uname -s = Darwin
uname -v = Darwin Kernel Version 14.0.0: Fri Sep 19 00:26:44 PDT 2014; root:xnu-2782.1.97~2/RELEASE_X86_64

/usr/bin/uname -p = i386
/bin/uname -X     = unknown

/bin/arch              = unknown
/usr/bin/arch -k       = unknown
/usr/convex/getsysinfo = unknown
/usr/bin/hostinfo      = Mach kernel version:
	 Darwin Kernel Version 14.0.0: Fri Sep 19 00:26:44 PDT 2014; root:xnu-2782.1.97~2/RELEASE_X86_64
Kernel configured for up to 4 processors.
2 processors are physically available.
4 processors are logically available.
Processor type: x86_64h (Intel x86-64h Haswell)
Processors active: 0 1 2 3
Primary memory available: 8.00 gigabytes
Default processor set: 263 tasks, 1298 threads, 4 processors
Load average: 2.01, Mach factor: 1.99
/bin/machine           = unknown
/usr/bin/oslevel       = unknown
/bin/universe          = unknown

PATH: /Users/john/Library/Haskell/bin
PATH: /usr/local/mysql/bin
PATH: /usr/local/bin
PATH: /usr/bin
PATH: /bin
PATH: /usr/sbin
PATH: /sbin
PATH: /opt/X11/bin
PATH: /usr/texbin
PATH: /usr/local/bin


## ----------- ##
## Core tests. ##
## ----------- ##

configure:1779: checking for a BSD-compatible install
configure:1847: result: /usr/bin/install -c
configure:1858: checking whether build environment is sane
configure:1913: result: yes
configure:2064: checking for a thread-safe mkdir -p
configure:2103: result: ./install-sh -c -d
configure:2110: checking for gawk
configure:2140: result: no
configure:2110: checking for mawk
configure:2140: result: no
configure:2110: checking for nawk
configure:2140: result: no
configure:2110: checking for awk
configure:2126: found /usr/bin/awk
configure:2137: result: awk
configure:2148: checking whether make sets $(MAKE)
configure:2170: result: yes
configure:2199: checking whether make supports nested variables
configure:2216: result: yes
configure:2333: checking whether ln -s works
configure:2337: result: yes
configure:2348: checking for gawk
configure:2375: result: awk
configure:2442: checking for pkg-config
configure:2460: found /usr/local/bin/pkg-config
configure:2472: result: /usr/local/bin/pkg-config
configure:2497: checking pkg-config is at least version 0.9.0
configure:2500: result: yes
configure:2510: checking for APERTIUM
configure:2517: $PKG_CONFIG --exists --print-errors "apertium >= 3.2.0"
Package apertium was not found in the pkg-config search path.
Perhaps you should add the directory containing `apertium.pc'
to the PKG_CONFIG_PATH environment variable
No package 'apertium' found
configure:2520: $? = 1
configure:2534: $PKG_CONFIG --exists --print-errors "apertium >= 3.2.0"
Package apertium was not found in the pkg-config search path.
Perhaps you should add the directory containing `apertium.pc'
to the PKG_CONFIG_PATH environment variable
No package 'apertium' found
configure:2537: $? = 1
configure:2551: result: no
No package 'apertium' found
configure:2569: checking for APERTIUM
configure:2576: $PKG_CONFIG --exists --print-errors "apertium-3.2 >= 3.2.0"
Package apertium-3.2 was not found in the pkg-config search path.
Perhaps you should add the directory containing `apertium-3.2.pc'
to the PKG_CONFIG_PATH environment variable
No package 'apertium-3.2' found
configure:2579: $? = 1
configure:2593: $PKG_CONFIG --exists --print-errors "apertium-3.2 >= 3.2.0"
Package apertium-3.2 was not found in the pkg-config search path.
Perhaps you should add the directory containing `apertium-3.2.pc'
to the PKG_CONFIG_PATH environment variable
No package 'apertium-3.2' found
configure:2596: $? = 1
configure:2610: result: no
No package 'apertium-3.2' found
configure:2626: error: Package requirements (apertium-3.2 >= 3.2.0) were not met:

No package 'apertium-3.2' found

Consider adjusting the PKG_CONFIG_PATH environment variable if you
installed software in a non-standard prefix.

Alternatively, you may set the environment variables APERTIUM_CFLAGS
and APERTIUM_LIBS to avoid the need to call pkg-config.
See the pkg-config man page for more details.

## ---------------- ##
## Cache variables. ##
## ---------------- ##

ac_cv_env_APERTIUM_CFLAGS_set=
ac_cv_env_APERTIUM_CFLAGS_value=
ac_cv_env_APERTIUM_LIBS_set=
ac_cv_env_APERTIUM_LIBS_value=
ac_cv_env_PKG_CONFIG_LIBDIR_set=
ac_cv_env_PKG_CONFIG_LIBDIR_value=
ac_cv_env_PKG_CONFIG_PATH_set=set
ac_cv_env_PKG_CONFIG_PATH_value=:/usr/local/share/pkgconfig:/usr/local/lib/pkgconfig
ac_cv_env_PKG_CONFIG_set=
ac_cv_env_PKG_CONFIG_value=
ac_cv_env_build_alias_set=
ac_cv_env_build_alias_value=
ac_cv_env_host_alias_set=
ac_cv_env_host_alias_value=
ac_cv_env_target_alias_set=
ac_cv_env_target_alias_value=
ac_cv_path_ac_pt_PKG_CONFIG=/usr/local/bin/pkg-config
ac_cv_path_install='/usr/bin/install -c'
ac_cv_prog_AWK=awk
ac_cv_prog_make_make_set=yes
am_cv_make_support_nested_variables=yes

## ----------------- ##
## Output variables. ##
## ----------------- ##

ACLOCAL='${SHELL} /Users/john/repositories/apertium-mlt/missing aclocal-1.14'
AMTAR='$${TAR-tar}'
AM_BACKSLASH='\'
AM_DEFAULT_V='$(AM_DEFAULT_VERBOSITY)'
AM_DEFAULT_VERBOSITY='1'
AM_V='$(V)'
APERTIUM_CFLAGS=''
APERTIUM_LIBS=''
AUTOCONF='${SHELL} /Users/john/repositories/apertium-mlt/missing autoconf'
AUTOHEADER='${SHELL} /Users/john/repositories/apertium-mlt/missing autoheader'
AUTOMAKE='${SHELL} /Users/john/repositories/apertium-mlt/missing automake-1.14'
AWK='awk'
CGCOMP=''
CYGPATH_W='echo'
DEFS=''
ECHO_C='\c'
ECHO_N=''
ECHO_T=''
INSTALL_DATA='${INSTALL} -m 644'
INSTALL_PROGRAM='${INSTALL}'
INSTALL_SCRIPT='${INSTALL}'
INSTALL_STRIP_PROGRAM='$(install_sh) -c -s'
LIBOBJS=''
LIBS=''
LN_S='ln -s'
LTLIBOBJS=''
LTPRINT=''
MAKEINFO='${SHELL} /Users/john/repositories/apertium-mlt/missing makeinfo'
MKDIR_P='./install-sh -c -d'
PACKAGE='apertium-mlt'
PACKAGE_BUGREPORT='francis.tyers@gmail.com'
PACKAGE_NAME='apertium-mlt'
PACKAGE_STRING='apertium-mlt 0.1.0'
PACKAGE_TARNAME='apertium-mlt'
PACKAGE_URL=''
PACKAGE_VERSION='0.1.0'
PATH_SEPARATOR=':'
PKG_CONFIG='/usr/local/bin/pkg-config'
PKG_CONFIG_LIBDIR=''
PKG_CONFIG_PATH=':/usr/local/share/pkgconfig:/usr/local/lib/pkgconfig'
SET_MAKE=''
SHELL='/bin/sh'
STRIP=''
VERSION='0.1.0'
am__isrc=''
am__leading_dot='.'
am__tar='$${TAR-tar} chof - "$$tardir"'
am__untar='$${TAR-tar} xf -'
bindir='${exec_prefix}/bin'
build_alias=''
datadir='${datarootdir}'
datarootdir='${prefix}/share'
docdir='${datarootdir}/doc/${PACKAGE_TARNAME}'
dvidir='${docdir}'
exec_prefix='NONE'
host_alias=''
htmldir='${docdir}'
includedir='${prefix}/include'
infodir='${datarootdir}/info'
install_sh='${SHELL} /Users/john/repositories/apertium-mlt/install-sh'
libdir='${exec_prefix}/lib'
libexecdir='${exec_prefix}/libexec'
localedir='${datarootdir}/locale'
localstatedir='${prefix}/var'
mandir='${datarootdir}/man'
mkdir_p='$(MKDIR_P)'
oldincludedir='/usr/include'
pdfdir='${docdir}'
prefix='NONE'
program_transform_name='s,x,x,'
psdir='${docdir}'
sbindir='${exec_prefix}/sbin'
sharedstatedir='${prefix}/com'
sysconfdir='${prefix}/etc'
target_alias=''

## ----------- ##
## confdefs.h. ##
## ----------- ##

/* confdefs.h */
#define PACKAGE_NAME "apertium-mlt"
#define PACKAGE_TARNAME "apertium-mlt"
#define PACKAGE_VERSION "0.1.0"
#define PACKAGE_STRING "apertium-mlt 0.1.0"
#define PACKAGE_BUGREPORT "francis.tyers@gmail.com"
#define PACKAGE_URL ""

configure: exit 1
